2025-04-09 15:45:51.270140 - Received CBT.V508.FILE088.PDS from FILE088.XMI 
2025-04-09 15:45:51.284300 - Found $$$#DATE.txt (text/plain) in CBT.V508.FILE088.PDS, moved to PDS/$$$#DATE
2025-04-09 15:45:51.284961 - Found $ABSTNEW.txt (text/plain) in CBT.V508.FILE088.PDS, moved to PDS/$ABSTNEW
2025-04-09 15:45:51.285659 - Found $ABSTOLD.txt (text/plain) in CBT.V508.FILE088.PDS, moved to PDS/$ABSTOLD
2025-04-09 15:45:51.286258 - Found @FILE088.txt (text/plain) in CBT.V508.FILE088.PDS, moved to PDS/@FILE088
2025-04-09 15:45:51.286911 - Found AUTO.jcl (text/plain) in CBT.V508.FILE088.PDS, moved to PDS/AUTO
2025-04-09 15:45:51.287585 - Found CATLIST.rexx (text/plain) in CBT.V508.FILE088.PDS, moved to PDS/CATLIST
2025-04-09 15:45:51.288207 - Found COMMANDZ.txt (text/plain) in CBT.V508.FILE088.PDS, moved to PDS/COMMANDZ
2025-04-09 15:45:51.288891 - Found CONNECT.txt (text/plain) in CBT.V508.FILE088.PDS, moved to PDS/CONNECT
2025-04-09 15:45:51.289490 - Found EQUREGS.txt (text/plain) in CBT.V508.FILE088.PDS, moved to PDS/EQUREGS
2025-04-09 15:45:51.290077 - Found EXITP20.txt (text/plain) in CBT.V508.FILE088.PDS, moved to PDS/EXITP20
2025-04-09 15:45:51.290705 - Found EXIT004.txt (text/plain) in CBT.V508.FILE088.PDS, moved to PDS/EXIT004
2025-04-09 15:45:51.291382 - Found EXIT005.txt (text/plain) in CBT.V508.FILE088.PDS, moved to PDS/EXIT005
2025-04-09 15:45:51.292013 - Found EXIT008.txt (text/plain) in CBT.V508.FILE088.PDS, moved to PDS/EXIT008
2025-04-09 15:45:51.292636 - Found EXIT05UD.txt (text/plain) in CBT.V508.FILE088.PDS, moved to PDS/EXIT05UD
2025-04-09 15:45:51.293241 - Found EXIT10.txt (text/plain) in CBT.V508.FILE088.PDS, moved to PDS/EXIT10
2025-04-09 15:45:51.293910 - Found EXIT16.txt (text/plain) in CBT.V508.FILE088.PDS, moved to PDS/EXIT16
2025-04-09 15:45:51.294527 - Found EXIT20.txt (text/plain) in CBT.V508.FILE088.PDS, moved to PDS/EXIT20
2025-04-09 15:45:51.295261 - Found EXIT212.txt (text/plain) in CBT.V508.FILE088.PDS, moved to PDS/EXIT212
2025-04-09 15:45:51.295954 - Found EX05OPER.txt (text/plain) in CBT.V508.FILE088.PDS, moved to PDS/EX05OPER
2025-04-09 15:45:51.296685 - Found EX05STUP.txt (text/plain) in CBT.V508.FILE088.PDS, moved to PDS/EX05STUP
2025-04-09 15:45:51.297304 - Found EX16.txt (text/plain) in CBT.V508.FILE088.PDS, moved to PDS/EX16
2025-04-09 15:45:51.297904 - Found EX16$.jcl (text/plain) in CBT.V508.FILE088.PDS, moved to PDS/EX16$
2025-04-09 15:45:51.298544 - Found EX8.txt (text/plain) in CBT.V508.FILE088.PDS, moved to PDS/EX8
2025-04-09 15:45:51.299100 - Found EX8$.jcl (text/plain) in CBT.V508.FILE088.PDS, moved to PDS/EX8$
2025-04-09 15:45:51.299724 - Found EX99.txt (text/plain) in CBT.V508.FILE088.PDS, moved to PDS/EX99
2025-04-09 15:45:51.300327 - Found EX99$.jcl (text/plain) in CBT.V508.FILE088.PDS, moved to PDS/EX99$
2025-04-09 15:45:51.300914 - Found FINDASCB.txt (text/plain) in CBT.V508.FILE088.PDS, moved to PDS/FINDASCB
2025-04-09 15:45:51.301568 - Found GETINFO.txt (text/plain) in CBT.V508.FILE088.PDS, moved to PDS/GETINFO
2025-04-09 15:45:51.302097 - Found GETINFO$.jcl (text/plain) in CBT.V508.FILE088.PDS, moved to PDS/GETINFO$
2025-04-09 15:45:51.302700 - Found GETINFO#.txt (text/plain) in CBT.V508.FILE088.PDS, moved to PDS/GETINFO#
2025-04-09 15:45:51.303405 - Found HERCAUTO.txt (text/plain) in CBT.V508.FILE088.PDS, moved to PDS/HERCAUTO
2025-04-09 15:45:51.304027 - Found IEFACTRT.txt (text/plain) in CBT.V508.FILE088.PDS, moved to PDS/IEFACTRT
2025-04-09 15:45:51.304740 - Found IEFUJV.txt (text/plain) in CBT.V508.FILE088.PDS, moved to PDS/IEFUJV
2025-04-09 15:45:51.305379 - Found IEFUJV$.jcl (text/plain) in CBT.V508.FILE088.PDS, moved to PDS/IEFUJV$
2025-04-09 15:45:51.305974 - Found IEFUTL.txt (text/plain) in CBT.V508.FILE088.PDS, moved to PDS/IEFUTL
2025-04-09 15:45:51.306622 - Found IEFUTL$.jcl (text/plain) in CBT.V508.FILE088.PDS, moved to PDS/IEFUTL$
2025-04-09 15:45:51.307248 - Found IEFU29X.txt (text/plain) in CBT.V508.FILE088.PDS, moved to PDS/IEFU29X
2025-04-09 15:45:51.307874 - Found IEFU29X$.jcl (text/plain) in CBT.V508.FILE088.PDS, moved to PDS/IEFU29X$
2025-04-09 15:45:51.308482 - Found IEFU83X.txt (text/plain) in CBT.V508.FILE088.PDS, moved to PDS/IEFU83X
2025-04-09 15:45:51.309115 - Found IEFU83X$.jcl (text/plain) in CBT.V508.FILE088.PDS, moved to PDS/IEFU83X$
2025-04-09 15:45:51.309733 - Found IGGPRE00.jcl (text/plain) in CBT.V508.FILE088.PDS, moved to PDS/IGGPRE00
2025-04-09 15:45:51.310310 - Found ITACCTBL.jcl (text/plain) in CBT.V508.FILE088.PDS, moved to PDS/ITACCTBL
2025-04-09 15:45:51.310904 - Found JES215MD.txt (text/plain) in CBT.V508.FILE088.PDS, moved to PDS/JES215MD
2025-04-09 15:45:51.311603 - Found JX05.txt (text/plain) in CBT.V508.FILE088.PDS, moved to PDS/JX05
2025-04-09 15:45:51.312206 - Found JX05$.jcl (text/plain) in CBT.V508.FILE088.PDS, moved to PDS/JX05$
2025-04-09 15:45:51.312909 - Found JX08.txt (text/plain) in CBT.V508.FILE088.PDS, moved to PDS/JX08
2025-04-09 15:45:51.313532 - Found JX08$.jcl (text/plain) in CBT.V508.FILE088.PDS, moved to PDS/JX08$
2025-04-09 15:45:51.314153 - Found JX16.txt (text/plain) in CBT.V508.FILE088.PDS, moved to PDS/JX16
2025-04-09 15:45:51.314716 - Found JX16$.jcl (text/plain) in CBT.V508.FILE088.PDS, moved to PDS/JX16$
2025-04-09 15:45:51.315306 - Found J005$DV.txt (text/plain) in CBT.V508.FILE088.PDS, moved to PDS/J005$DV
2025-04-09 15:45:51.315978 - Found J005LOAD.txt (text/plain) in CBT.V508.FILE088.PDS, moved to PDS/J005LOAD
2025-04-09 15:45:51.316811 - Found MCS.jcl (text/plain) in CBT.V508.FILE088.PDS, moved to PDS/MCS
2025-04-09 15:45:51.317418 - Found MINIGEN.jcl (text/plain) in CBT.V508.FILE088.PDS, moved to PDS/MINIGEN
2025-04-09 15:45:51.318042 - Found MULTICOL.txt (text/plain) in CBT.V508.FILE088.PDS, moved to PDS/MULTICOL
2025-04-09 15:45:51.318740 - Found NODTAB22.jcl (text/plain) in CBT.V508.FILE088.PDS, moved to PDS/NODTAB22
2025-04-09 15:45:51.319331 - Found NOKEEP.jcl (text/plain) in CBT.V508.FILE088.PDS, moved to PDS/NOKEEP
2025-04-09 15:45:51.319891 - Found PANBKPR$.jcl (text/plain) in CBT.V508.FILE088.PDS, moved to PDS/PANBKPR$
2025-04-09 15:45:51.320448 - Found PANBKPR#.txt (text/plain) in CBT.V508.FILE088.PDS, moved to PDS/PANBKPR#
2025-04-09 15:45:51.320986 - Found PANBKPR@.jcl (text/plain) in CBT.V508.FILE088.PDS, moved to PDS/PANBKPR@
2025-04-09 15:45:51.321637 - Found PANBKPRT.txt (text/plain) in CBT.V508.FILE088.PDS, moved to PDS/PANBKPRT
2025-04-09 15:45:51.322269 - Found POSTER.bin (application/octet-stream) in CBT.V508.FILE088.PDS, moved to PDS/POSTER
2025-04-09 15:45:51.322932 - Found PRCJ2001.txt (text/plain) in CBT.V508.FILE088.PDS, moved to PDS/PRCJ2001
2025-04-09 15:45:51.323575 - Found PRCJ2004.txt (text/plain) in CBT.V508.FILE088.PDS, moved to PDS/PRCJ2004
2025-04-09 15:45:51.324225 - Found PRCJ2212.jcl (text/plain) in CBT.V508.FILE088.PDS, moved to PDS/PRCJ2212
2025-04-09 15:45:51.324814 - Found PRCM0001.jcl (text/plain) in CBT.V508.FILE088.PDS, moved to PDS/PRCM0001
2025-04-09 15:45:51.325425 - Found PRCM0002.jcl (text/plain) in CBT.V508.FILE088.PDS, moved to PDS/PRCM0002
2025-04-09 15:45:51.326016 - Found PRCM0003.jcl (text/plain) in CBT.V508.FILE088.PDS, moved to PDS/PRCM0003
2025-04-09 15:45:51.326578 - Found PRCM0004.jcl (text/plain) in CBT.V508.FILE088.PDS, moved to PDS/PRCM0004
2025-04-09 15:45:51.327134 - Found PRCM0005.jcl (text/plain) in CBT.V508.FILE088.PDS, moved to PDS/PRCM0005
2025-04-09 15:45:51.327726 - Found PRCM0010.jcl (text/plain) in CBT.V508.FILE088.PDS, moved to PDS/PRCM0010
2025-04-09 15:45:51.328313 - Found PRCM0017.jcl (text/plain) in CBT.V508.FILE088.PDS, moved to PDS/PRCM0017
2025-04-09 15:45:51.329013 - Found REDMSG.txt (text/plain) in CBT.V508.FILE088.PDS, moved to PDS/REDMSG
2025-04-09 15:45:51.329635 - Found RELEASE.txt (text/plain) in CBT.V508.FILE088.PDS, moved to PDS/RELEASE
2025-04-09 15:45:51.330321 - Found SETAMODE.txt (text/plain) in CBT.V508.FILE088.PDS, moved to PDS/SETAMODE
2025-04-09 15:45:51.330917 - Found SHUTDOWN.txt (text/plain) in CBT.V508.FILE088.PDS, moved to PDS/SHUTDOWN
2025-04-09 15:45:51.331624 - Found SLSUX06.jcl (text/plain) in CBT.V508.FILE088.PDS, moved to PDS/SLSUX06
2025-04-09 15:45:51.332422 - Found SYSBLD00.jcl (text/plain) in CBT.V508.FILE088.PDS, moved to PDS/SYSBLD00
2025-04-09 15:45:51.333047 - Found SYSCATBK.jcl (text/plain) in CBT.V508.FILE088.PDS, moved to PDS/SYSCATBK
2025-04-09 15:45:51.333711 - Found SYZREORG.jcl (text/plain) in CBT.V508.FILE088.PDS, moved to PDS/SYZREORG
2025-04-09 15:45:51.334320 - Found SYZYGYE$.jcl (text/plain) in CBT.V508.FILE088.PDS, moved to PDS/SYZYGYE$
2025-04-09 15:45:51.334876 - Found SYZYGYEJ.txt (text/plain) in CBT.V508.FILE088.PDS, moved to PDS/SYZYGYEJ
2025-04-09 15:45:51.335448 - Found SYZYGYVR.bin (application/octet-stream) in CBT.V508.FILE088.PDS, moved to PDS/SYZYGYVR
2025-04-09 15:45:51.336049 - Found TALK.txt (text/plain) in CBT.V508.FILE088.PDS, moved to PDS/TALK
2025-04-09 15:45:51.336624 - Found TALKP.txt (text/plain) in CBT.V508.FILE088.PDS, moved to PDS/TALKP
2025-04-09 15:45:51.337172 - Found TSOTAB22.jcl (text/plain) in CBT.V508.FILE088.PDS, moved to PDS/TSOTAB22
2025-04-09 15:45:51.337798 - Found ULX$DOC.txt (text/plain) in CBT.V508.FILE088.PDS, moved to PDS/ULX$DOC
2025-04-09 15:45:51.338498 - Found ULXH02.txt (text/plain) in CBT.V508.FILE088.PDS, moved to PDS/ULXH02
2025-04-09 15:45:51.339155 - Found ULXL01.txt (text/plain) in CBT.V508.FILE088.PDS, moved to PDS/ULXL01
2025-04-09 15:45:51.339755 - Found ULXL01$.jcl (text/plain) in CBT.V508.FILE088.PDS, moved to PDS/ULXL01$
2025-04-09 15:45:51.340465 - Found ULXM01.txt (text/plain) in CBT.V508.FILE088.PDS, moved to PDS/ULXM01
2025-04-09 15:45:51.341124 - Found ULXO01.bin (application/octet-stream) in CBT.V508.FILE088.PDS, moved to PDS/ULXO01
2025-04-09 15:45:51.341756 - Found ULXP01.txt (text/plain) in CBT.V508.FILE088.PDS, moved to PDS/ULXP01
2025-04-09 15:45:51.342390 - Found ULXP02.txt (text/plain) in CBT.V508.FILE088.PDS, moved to PDS/ULXP02
2025-04-09 15:45:51.343028 - Found ULXP03.txt (text/plain) in CBT.V508.FILE088.PDS, moved to PDS/ULXP03
2025-04-09 15:45:51.343600 - Found USAGE.jcl (text/plain) in CBT.V508.FILE088.PDS, moved to PDS/USAGE
2025-04-09 15:45:51.344130 - Found WAIT$.jcl (text/plain) in CBT.V508.FILE088.PDS, moved to PDS/WAIT$
2025-04-09 15:45:51.344802 - Found WAIT#.jcl (text/plain) in CBT.V508.FILE088.PDS, moved to PDS/WAIT#
2025-04-09 15:45:51.345425 - Found WAITPROG.txt (text/plain) in CBT.V508.FILE088.PDS, moved to PDS/WAITPROG
2025-04-09 15:45:51.346075 - Found XJ2NET.txt (text/plain) in CBT.V508.FILE088.PDS, moved to PDS/XJ2NET
